<?xml version="1.0" encoding="UTF-8"?>
<testng-results ignored="0" total="1" passed="1" failed="0" skipped="0">
  <reporter-output>
  </reporter-output>
  <suite started-at="2025-02-19T12:31:45 CST" name="Default suite" finished-at="2025-02-19T12:32:12 CST" duration-ms="27484">
    <groups>
    </groups>
    <test started-at="2025-02-19T12:31:45 CST" name="Default test" finished-at="2025-02-19T12:32:12 CST" duration-ms="27484">
      <class name="testBrowsers.TestFirefox_03">
        <test-method is-config="true" signature="setupClass()[pri:0, instance:testBrowsers.TestFirefox_03@1a75e76a]" started-at="2025-02-19T12:31:45 CST" name="setupClass" finished-at="2025-02-19T12:31:50 CST" duration-ms="5693" status="PASS">
          <reporter-output>
          </reporter-output>
        </test-method> <!-- setupClass -->
        <test-method signature="loginInspection()[pri:1, instance:testBrowsers.TestFirefox_03@1a75e76a]" started-at="2025-02-19T12:31:50 CST" name="loginInspection" finished-at="2025-02-19T12:32:12 CST" duration-ms="21752" status="PASS">
          <reporter-output>
          </reporter-output>
        </test-method> <!-- loginInspection -->
        <test-method is-config="true" signature="closeDriver()[pri:0, instance:testBrowsers.TestFirefox_03@1a75e76a]" started-at="2025-02-19T12:32:12 CST" name="closeDriver" finished-at="2025-02-19T12:32:12 CST" duration-ms="0" status="PASS">
          <reporter-output>
          </reporter-output>
        </test-method> <!-- closeDriver -->
      </class> <!-- testBrowsers.TestFirefox_03 -->
    </test> <!-- Default test -->
  </suite> <!-- Default suite -->
</testng-results>
